2024-11-07 20:55:38,792 DEBUG    root            Loaded Command Group: ['gcloud', 'components']
2024-11-07 20:55:38,797 DEBUG    root            Loaded Command Group: ['gcloud', 'components', 'update']
2024-11-07 20:55:38,800 DEBUG    root            Running [gcloud.components.update] with arguments: [--compile-python: "True", --quiet: "True", COMPONENT-IDS:6: "['core', 'gcloud-deps', 'bq', 'gcloud', 'gcloud-crc32c', 'gsutil']"]
2024-11-07 20:55:38,801 INFO     ___FILE_ONLY___ Beginning update. This process may take several minutes.

2024-11-07 20:55:38,840 DEBUG    urllib3.connectionpool Starting new HTTPS connection (1): dl.google.com:443
2024-11-07 20:55:38,966 DEBUG    urllib3.connectionpool https://dl.google.com:443 "GET /dl/cloudsdk/channels/rapid/components-2.json HTTP/1.1" 200 226997
2024-11-07 20:55:38,989 INFO     ___FILE_ONLY___ 

2024-11-07 20:55:38,990 INFO     ___FILE_ONLY___ 
Your current Google Cloud CLI version is: 500.0.0

2024-11-07 20:55:38,990 INFO     ___FILE_ONLY___ Installing components from version: 500.0.0

2024-11-07 20:55:38,990 INFO     ___FILE_ONLY___ 

2024-11-07 20:55:38,991 DEBUG    root            Chosen display Format:table[box,title="These components will be removed."](details.display_name:label=Name:align=left,version.version_string:label=Version:align=right,data.size.size(zero="",min=1048576):label=Size:align=right)
2024-11-07 20:55:38,992 DEBUG    root            Chosen display Format:table[box,title="These components will be updated."](details.display_name:label=Name:align=left,version.version_string:label=Version:align=right,data.size.size(zero="",min=1048576):label=Size:align=right)
2024-11-07 20:55:38,992 DEBUG    root            Chosen display Format:table[box,title="These components will be installed."](details.display_name:label=Name:align=left,version.version_string:label=Version:align=right,data.size.size(zero="",min=1048576):label=Size:align=right)
2024-11-07 20:55:39,045 INFO     ___FILE_ONLY___ ┌─────────────────────────────────────────────────────────────────────────────┐
2024-11-07 20:55:39,045 INFO     ___FILE_ONLY___ 

2024-11-07 20:55:39,045 INFO     ___FILE_ONLY___ │                     These components will be installed.                     │
2024-11-07 20:55:39,046 INFO     ___FILE_ONLY___ 

2024-11-07 20:55:39,046 INFO     ___FILE_ONLY___ ├─────────────────────────────────────────────────────┬────────────┬──────────┤
2024-11-07 20:55:39,046 INFO     ___FILE_ONLY___ 

2024-11-07 20:55:39,046 INFO     ___FILE_ONLY___ │                         Name                        │  Version   │   Size   │
2024-11-07 20:55:39,046 INFO     ___FILE_ONLY___ 

2024-11-07 20:55:39,046 INFO     ___FILE_ONLY___ ├─────────────────────────────────────────────────────┼────────────┼──────────┤
2024-11-07 20:55:39,046 INFO     ___FILE_ONLY___ 

2024-11-07 20:55:39,046 INFO     ___FILE_ONLY___ │ 
2024-11-07 20:55:39,047 INFO     ___FILE_ONLY___ BigQuery Command Line Tool                         
2024-11-07 20:55:39,047 INFO     ___FILE_ONLY___  
2024-11-07 20:55:39,047 INFO     ___FILE_ONLY___ │ 
2024-11-07 20:55:39,047 INFO     ___FILE_ONLY___      2.1.9
2024-11-07 20:55:39,047 INFO     ___FILE_ONLY___  
2024-11-07 20:55:39,047 INFO     ___FILE_ONLY___ │ 
2024-11-07 20:55:39,047 INFO     ___FILE_ONLY___  1.7 MiB
2024-11-07 20:55:39,047 INFO     ___FILE_ONLY___  
2024-11-07 20:55:39,047 INFO     ___FILE_ONLY___ │
2024-11-07 20:55:39,048 INFO     ___FILE_ONLY___ 

2024-11-07 20:55:39,048 INFO     ___FILE_ONLY___ │ 
2024-11-07 20:55:39,048 INFO     ___FILE_ONLY___ BigQuery Command Line Tool (Platform Specific)     
2024-11-07 20:55:39,048 INFO     ___FILE_ONLY___  
2024-11-07 20:55:39,048 INFO     ___FILE_ONLY___ │ 
2024-11-07 20:55:39,048 INFO     ___FILE_ONLY___      2.1.8
2024-11-07 20:55:39,048 INFO     ___FILE_ONLY___  
2024-11-07 20:55:39,048 INFO     ___FILE_ONLY___ │ 
2024-11-07 20:55:39,048 INFO     ___FILE_ONLY___  < 1 MiB
2024-11-07 20:55:39,049 INFO     ___FILE_ONLY___  
2024-11-07 20:55:39,049 INFO     ___FILE_ONLY___ │
2024-11-07 20:55:39,049 INFO     ___FILE_ONLY___ 

2024-11-07 20:55:39,049 INFO     ___FILE_ONLY___ │ 
2024-11-07 20:55:39,049 INFO     ___FILE_ONLY___ Bundled Python 3.11 (Platform Specific)            
2024-11-07 20:55:39,049 INFO     ___FILE_ONLY___  
2024-11-07 20:55:39,049 INFO     ___FILE_ONLY___ │ 
2024-11-07 20:55:39,049 INFO     ___FILE_ONLY___     3.11.9
2024-11-07 20:55:39,050 INFO     ___FILE_ONLY___  
2024-11-07 20:55:39,050 INFO     ___FILE_ONLY___ │ 
2024-11-07 20:55:39,050 INFO     ___FILE_ONLY___ 74.4 MiB
2024-11-07 20:55:39,050 INFO     ___FILE_ONLY___  
2024-11-07 20:55:39,050 INFO     ___FILE_ONLY___ │
2024-11-07 20:55:39,050 INFO     ___FILE_ONLY___ 

2024-11-07 20:55:39,050 INFO     ___FILE_ONLY___ │ 
2024-11-07 20:55:39,051 INFO     ___FILE_ONLY___ Cloud Storage Command Line Tool                    
2024-11-07 20:55:39,051 INFO     ___FILE_ONLY___  
2024-11-07 20:55:39,051 INFO     ___FILE_ONLY___ │ 
2024-11-07 20:55:39,051 INFO     ___FILE_ONLY___       5.31
2024-11-07 20:55:39,051 INFO     ___FILE_ONLY___  
2024-11-07 20:55:39,051 INFO     ___FILE_ONLY___ │ 
2024-11-07 20:55:39,051 INFO     ___FILE_ONLY___ 11.3 MiB
2024-11-07 20:55:39,051 INFO     ___FILE_ONLY___  
2024-11-07 20:55:39,052 INFO     ___FILE_ONLY___ │
2024-11-07 20:55:39,052 INFO     ___FILE_ONLY___ 

2024-11-07 20:55:39,052 INFO     ___FILE_ONLY___ │ 
2024-11-07 20:55:39,052 INFO     ___FILE_ONLY___ Cloud Storage Command Line Tool (Platform Specific)
2024-11-07 20:55:39,052 INFO     ___FILE_ONLY___  
2024-11-07 20:55:39,052 INFO     ___FILE_ONLY___ │ 
2024-11-07 20:55:39,052 INFO     ___FILE_ONLY___       5.30
2024-11-07 20:55:39,052 INFO     ___FILE_ONLY___  
2024-11-07 20:55:39,052 INFO     ___FILE_ONLY___ │ 
2024-11-07 20:55:39,053 INFO     ___FILE_ONLY___  < 1 MiB
2024-11-07 20:55:39,053 INFO     ___FILE_ONLY___  
2024-11-07 20:55:39,053 INFO     ___FILE_ONLY___ │
2024-11-07 20:55:39,053 INFO     ___FILE_ONLY___ 

2024-11-07 20:55:39,053 INFO     ___FILE_ONLY___ │ 
2024-11-07 20:55:39,053 INFO     ___FILE_ONLY___ Google Cloud CLI Core Libraries (Platform Specific)
2024-11-07 20:55:39,053 INFO     ___FILE_ONLY___  
2024-11-07 20:55:39,053 INFO     ___FILE_ONLY___ │ 
2024-11-07 20:55:39,054 INFO     ___FILE_ONLY___ 2024.08.30
2024-11-07 20:55:39,054 INFO     ___FILE_ONLY___  
2024-11-07 20:55:39,054 INFO     ___FILE_ONLY___ │ 
2024-11-07 20:55:39,054 INFO     ___FILE_ONLY___  < 1 MiB
2024-11-07 20:55:39,054 INFO     ___FILE_ONLY___  
2024-11-07 20:55:39,054 INFO     ___FILE_ONLY___ │
2024-11-07 20:55:39,054 INFO     ___FILE_ONLY___ 

2024-11-07 20:55:39,054 INFO     ___FILE_ONLY___ │ 
2024-11-07 20:55:39,054 INFO     ___FILE_ONLY___ Google Cloud CRC32C Hash Tool (Platform Specific)  
2024-11-07 20:55:39,055 INFO     ___FILE_ONLY___  
2024-11-07 20:55:39,055 INFO     ___FILE_ONLY___ │ 
2024-11-07 20:55:39,055 INFO     ___FILE_ONLY___      1.0.0
2024-11-07 20:55:39,055 INFO     ___FILE_ONLY___  
2024-11-07 20:55:39,055 INFO     ___FILE_ONLY___ │ 
2024-11-07 20:55:39,055 INFO     ___FILE_ONLY___  1.3 MiB
2024-11-07 20:55:39,055 INFO     ___FILE_ONLY___  
2024-11-07 20:55:39,055 INFO     ___FILE_ONLY___ │
2024-11-07 20:55:39,055 INFO     ___FILE_ONLY___ 

2024-11-07 20:55:39,056 INFO     ___FILE_ONLY___ │ 
2024-11-07 20:55:39,056 INFO     ___FILE_ONLY___ gcloud cli dependencies (Platform Specific)        
2024-11-07 20:55:39,056 INFO     ___FILE_ONLY___  
2024-11-07 20:55:39,056 INFO     ___FILE_ONLY___ │ 
2024-11-07 20:55:39,056 INFO     ___FILE_ONLY___ 2021.04.16
2024-11-07 20:55:39,056 INFO     ___FILE_ONLY___  
2024-11-07 20:55:39,056 INFO     ___FILE_ONLY___ │ 
2024-11-07 20:55:39,056 INFO     ___FILE_ONLY___  < 1 MiB
2024-11-07 20:55:39,056 INFO     ___FILE_ONLY___  
2024-11-07 20:55:39,057 INFO     ___FILE_ONLY___ │
2024-11-07 20:55:39,057 INFO     ___FILE_ONLY___ 

2024-11-07 20:55:39,057 INFO     ___FILE_ONLY___ └─────────────────────────────────────────────────────┴────────────┴──────────┘
2024-11-07 20:55:39,057 INFO     ___FILE_ONLY___ 

2024-11-07 20:55:39,057 INFO     ___FILE_ONLY___ 

2024-11-07 20:55:39,061 DEBUG    urllib3.connectionpool Starting new HTTPS connection (1): dl.google.com:443
2024-11-07 20:55:39,188 DEBUG    urllib3.connectionpool https://dl.google.com:443 "GET /dl/cloudsdk/channels/rapid/RELEASE_NOTES HTTP/1.1" 200 1306389
2024-11-07 20:55:39,259 INFO     ___FILE_ONLY___ For the latest full release notes, please visit:
  https://cloud.google.com/sdk/release_notes


2024-11-07 20:55:39,259 INFO     ___FILE_ONLY___ Performing in place update...


2024-11-07 20:55:39,262 INFO     ___FILE_ONLY___ ╔════════════════════════════════════════════════════════════╗

2024-11-07 20:55:39,262 INFO     ___FILE_ONLY___ ╠═ Downloading: BigQuery Command Line Tool                  ═╣

2024-11-07 20:55:39,262 INFO     ___FILE_ONLY___ ╚
2024-11-07 20:55:39,266 DEBUG    urllib3.connectionpool Starting new HTTPS connection (1): dl.google.com:443
2024-11-07 20:55:39,343 DEBUG    urllib3.connectionpool https://dl.google.com:443 "GET /dl/cloudsdk/channels/rapid/components/google-cloud-sdk-bq-20241011151610.tar.gz HTTP/1.1" 200 1831026
2024-11-07 20:55:39,360 INFO     ___FILE_ONLY___ ═
2024-11-07 20:55:39,360 INFO     ___FILE_ONLY___ ═
2024-11-07 20:55:39,361 INFO     ___FILE_ONLY___ ═
2024-11-07 20:55:39,361 INFO     ___FILE_ONLY___ ═
2024-11-07 20:55:39,361 INFO     ___FILE_ONLY___ ═
2024-11-07 20:55:39,361 INFO     ___FILE_ONLY___ ═
2024-11-07 20:55:39,361 INFO     ___FILE_ONLY___ ═
2024-11-07 20:55:39,362 INFO     ___FILE_ONLY___ ═
2024-11-07 20:55:39,362 INFO     ___FILE_ONLY___ ═
2024-11-07 20:55:39,362 INFO     ___FILE_ONLY___ ═
2024-11-07 20:55:39,362 INFO     ___FILE_ONLY___ ═
2024-11-07 20:55:39,362 INFO     ___FILE_ONLY___ ═
2024-11-07 20:55:39,363 INFO     ___FILE_ONLY___ ═
2024-11-07 20:55:39,363 INFO     ___FILE_ONLY___ ═
2024-11-07 20:55:39,363 INFO     ___FILE_ONLY___ ═
2024-11-07 20:55:39,363 INFO     ___FILE_ONLY___ ═
2024-11-07 20:55:39,363 INFO     ___FILE_ONLY___ ═
2024-11-07 20:55:39,364 INFO     ___FILE_ONLY___ ═
2024-11-07 20:55:39,364 INFO     ___FILE_ONLY___ ═
2024-11-07 20:55:39,364 INFO     ___FILE_ONLY___ ═
2024-11-07 20:55:39,364 INFO     ___FILE_ONLY___ ═
2024-11-07 20:55:39,364 INFO     ___FILE_ONLY___ ═
2024-11-07 20:55:39,365 INFO     ___FILE_ONLY___ ═
2024-11-07 20:55:39,365 INFO     ___FILE_ONLY___ ═
2024-11-07 20:55:39,365 INFO     ___FILE_ONLY___ ═
2024-11-07 20:55:39,365 INFO     ___FILE_ONLY___ ═
2024-11-07 20:55:39,366 INFO     ___FILE_ONLY___ ═
2024-11-07 20:55:39,366 INFO     ___FILE_ONLY___ ═
2024-11-07 20:55:39,366 INFO     ___FILE_ONLY___ ═
2024-11-07 20:55:39,366 INFO     ___FILE_ONLY___ ═
2024-11-07 20:55:39,366 INFO     ___FILE_ONLY___ ═
2024-11-07 20:55:39,367 INFO     ___FILE_ONLY___ ═
2024-11-07 20:55:39,367 INFO     ___FILE_ONLY___ ═
2024-11-07 20:55:39,367 INFO     ___FILE_ONLY___ ═
2024-11-07 20:55:39,367 INFO     ___FILE_ONLY___ ═
2024-11-07 20:55:39,367 INFO     ___FILE_ONLY___ ═
2024-11-07 20:55:39,368 INFO     ___FILE_ONLY___ ═
2024-11-07 20:55:39,368 INFO     ___FILE_ONLY___ ═
2024-11-07 20:55:39,368 INFO     ___FILE_ONLY___ ═
2024-11-07 20:55:39,368 INFO     ___FILE_ONLY___ ═
2024-11-07 20:55:39,368 INFO     ___FILE_ONLY___ ═
2024-11-07 20:55:39,369 INFO     ___FILE_ONLY___ ═
2024-11-07 20:55:39,369 INFO     ___FILE_ONLY___ ═
2024-11-07 20:55:39,369 INFO     ___FILE_ONLY___ ═
2024-11-07 20:55:39,369 INFO     ___FILE_ONLY___ ═
2024-11-07 20:55:39,369 INFO     ___FILE_ONLY___ ═
2024-11-07 20:55:39,370 INFO     ___FILE_ONLY___ ═
2024-11-07 20:55:39,370 INFO     ___FILE_ONLY___ ═
2024-11-07 20:55:39,370 INFO     ___FILE_ONLY___ ═
2024-11-07 20:55:39,370 INFO     ___FILE_ONLY___ ═
2024-11-07 20:55:39,370 INFO     ___FILE_ONLY___ ═
2024-11-07 20:55:39,371 INFO     ___FILE_ONLY___ ═
2024-11-07 20:55:39,371 INFO     ___FILE_ONLY___ ═
2024-11-07 20:55:39,371 INFO     ___FILE_ONLY___ ═
2024-11-07 20:55:39,371 INFO     ___FILE_ONLY___ ═
2024-11-07 20:55:39,371 INFO     ___FILE_ONLY___ ═
2024-11-07 20:55:39,372 INFO     ___FILE_ONLY___ ═
2024-11-07 20:55:39,372 INFO     ___FILE_ONLY___ ═
2024-11-07 20:55:39,372 INFO     ___FILE_ONLY___ ═
2024-11-07 20:55:39,372 INFO     ___FILE_ONLY___ ═
2024-11-07 20:55:39,372 INFO     ___FILE_ONLY___ ╝

2024-11-07 20:55:39,375 INFO     ___FILE_ONLY___ ╔════════════════════════════════════════════════════════════╗

2024-11-07 20:55:39,375 INFO     ___FILE_ONLY___ ╠═ Downloading: BigQuery Command Line Tool (Platform Spe... ═╣

2024-11-07 20:55:39,376 INFO     ___FILE_ONLY___ ╚
2024-11-07 20:55:39,380 DEBUG    urllib3.connectionpool Starting new HTTPS connection (1): dl.google.com:443
2024-11-07 20:55:39,471 DEBUG    urllib3.connectionpool https://dl.google.com:443 "GET /dl/cloudsdk/channels/rapid/components/google-cloud-sdk-bq-nix-20240830134514.tar.gz HTTP/1.1" 200 1914
2024-11-07 20:55:39,472 INFO     ___FILE_ONLY___ ════════════════════════════════════════════════════════════
2024-11-07 20:55:39,472 INFO     ___FILE_ONLY___ ╝

2024-11-07 20:55:39,475 INFO     ___FILE_ONLY___ ╔════════════════════════════════════════════════════════════╗

2024-11-07 20:55:39,475 INFO     ___FILE_ONLY___ ╠═ Downloading: Bundled Python 3.11                         ═╣

2024-11-07 20:55:39,475 INFO     ___FILE_ONLY___ ╚
2024-11-07 20:55:39,475 INFO     ___FILE_ONLY___ ════════════════════════════════════════════════════════════
2024-11-07 20:55:39,475 INFO     ___FILE_ONLY___ ╝

2024-11-07 20:55:39,478 INFO     ___FILE_ONLY___ ╔════════════════════════════════════════════════════════════╗

2024-11-07 20:55:39,478 INFO     ___FILE_ONLY___ ╠═ Downloading: Bundled Python 3.11 (Platform Specific)     ═╣

2024-11-07 20:55:39,478 INFO     ___FILE_ONLY___ ╚
2024-11-07 20:55:39,482 DEBUG    urllib3.connectionpool Starting new HTTPS connection (1): dl.google.com:443
2024-11-07 20:55:39,613 DEBUG    urllib3.connectionpool https://dl.google.com:443 "GET /dl/cloudsdk/channels/rapid/components/google-cloud-sdk-bundled-python3-unix-linux-x86_64-20240920144119.tar.gz HTTP/1.1" 200 78001783
2024-11-07 20:55:40,070 INFO     ___FILE_ONLY___ ═
2024-11-07 20:55:40,073 INFO     ___FILE_ONLY___ ═
2024-11-07 20:55:40,076 INFO     ___FILE_ONLY___ ═
2024-11-07 20:55:40,080 INFO     ___FILE_ONLY___ ═
2024-11-07 20:55:40,083 INFO     ___FILE_ONLY___ ═
2024-11-07 20:55:40,086 INFO     ___FILE_ONLY___ ═
2024-11-07 20:55:40,090 INFO     ___FILE_ONLY___ ═
2024-11-07 20:55:40,093 INFO     ___FILE_ONLY___ ═
2024-11-07 20:55:40,096 INFO     ___FILE_ONLY___ ═
2024-11-07 20:55:40,100 INFO     ___FILE_ONLY___ ═
2024-11-07 20:55:40,103 INFO     ___FILE_ONLY___ ═
2024-11-07 20:55:40,107 INFO     ___FILE_ONLY___ ═
2024-11-07 20:55:40,110 INFO     ___FILE_ONLY___ ═
2024-11-07 20:55:40,113 INFO     ___FILE_ONLY___ ═
2024-11-07 20:55:40,117 INFO     ___FILE_ONLY___ ═
2024-11-07 20:55:40,120 INFO     ___FILE_ONLY___ ═
2024-11-07 20:55:40,123 INFO     ___FILE_ONLY___ ═
2024-11-07 20:55:40,127 INFO     ___FILE_ONLY___ ═
2024-11-07 20:55:40,130 INFO     ___FILE_ONLY___ ═
2024-11-07 20:55:40,133 INFO     ___FILE_ONLY___ ═
2024-11-07 20:55:40,136 INFO     ___FILE_ONLY___ ═
2024-11-07 20:55:40,140 INFO     ___FILE_ONLY___ ═
2024-11-07 20:55:40,143 INFO     ___FILE_ONLY___ ═
2024-11-07 20:55:40,147 INFO     ___FILE_ONLY___ ═
2024-11-07 20:55:40,150 INFO     ___FILE_ONLY___ ═
2024-11-07 20:55:40,153 INFO     ___FILE_ONLY___ ═
2024-11-07 20:55:40,157 INFO     ___FILE_ONLY___ ═
2024-11-07 20:55:40,160 INFO     ___FILE_ONLY___ ═
2024-11-07 20:55:40,163 INFO     ___FILE_ONLY___ ═
2024-11-07 20:55:40,167 INFO     ___FILE_ONLY___ ═
2024-11-07 20:55:40,170 INFO     ___FILE_ONLY___ ═
2024-11-07 20:55:40,173 INFO     ___FILE_ONLY___ ═
2024-11-07 20:55:40,177 INFO     ___FILE_ONLY___ ═
2024-11-07 20:55:40,180 INFO     ___FILE_ONLY___ ═
2024-11-07 20:55:40,183 INFO     ___FILE_ONLY___ ═
2024-11-07 20:55:40,187 INFO     ___FILE_ONLY___ ═
2024-11-07 20:55:40,190 INFO     ___FILE_ONLY___ ═
2024-11-07 20:55:40,193 INFO     ___FILE_ONLY___ ═
2024-11-07 20:55:40,196 INFO     ___FILE_ONLY___ ═
2024-11-07 20:55:40,200 INFO     ___FILE_ONLY___ ═
2024-11-07 20:55:40,203 INFO     ___FILE_ONLY___ ═
2024-11-07 20:55:40,207 INFO     ___FILE_ONLY___ ═
2024-11-07 20:55:40,210 INFO     ___FILE_ONLY___ ═
2024-11-07 20:55:40,213 INFO     ___FILE_ONLY___ ═
2024-11-07 20:55:40,217 INFO     ___FILE_ONLY___ ═
2024-11-07 20:55:40,220 INFO     ___FILE_ONLY___ ═
2024-11-07 20:55:40,223 INFO     ___FILE_ONLY___ ═
2024-11-07 20:55:40,227 INFO     ___FILE_ONLY___ ═
2024-11-07 20:55:40,230 INFO     ___FILE_ONLY___ ═
2024-11-07 20:55:40,233 INFO     ___FILE_ONLY___ ═
2024-11-07 20:55:40,237 INFO     ___FILE_ONLY___ ═
2024-11-07 20:55:40,240 INFO     ___FILE_ONLY___ ═
2024-11-07 20:55:40,244 INFO     ___FILE_ONLY___ ═
2024-11-07 20:55:40,247 INFO     ___FILE_ONLY___ ═
2024-11-07 20:55:40,250 INFO     ___FILE_ONLY___ ═
2024-11-07 20:55:40,253 INFO     ___FILE_ONLY___ ═
2024-11-07 20:55:40,257 INFO     ___FILE_ONLY___ ═
2024-11-07 20:55:40,260 INFO     ___FILE_ONLY___ ═
2024-11-07 20:55:40,264 INFO     ___FILE_ONLY___ ═
2024-11-07 20:55:40,267 INFO     ___FILE_ONLY___ ═
2024-11-07 20:55:40,267 INFO     ___FILE_ONLY___ ╝

2024-11-07 20:55:40,271 INFO     ___FILE_ONLY___ ╔════════════════════════════════════════════════════════════╗

2024-11-07 20:55:40,271 INFO     ___FILE_ONLY___ ╠═ Downloading: Cloud Storage Command Line Tool             ═╣

2024-11-07 20:55:40,271 INFO     ___FILE_ONLY___ ╚
2024-11-07 20:55:40,280 DEBUG    urllib3.connectionpool Starting new HTTPS connection (1): dl.google.com:443
2024-11-07 20:55:40,357 DEBUG    urllib3.connectionpool https://dl.google.com:443 "GET /dl/cloudsdk/channels/rapid/components/google-cloud-sdk-gsutil-20241011151610.tar.gz HTTP/1.1" 200 11831021
2024-11-07 20:55:40,419 INFO     ___FILE_ONLY___ ═
2024-11-07 20:55:40,419 INFO     ___FILE_ONLY___ ═
2024-11-07 20:55:40,420 INFO     ___FILE_ONLY___ ═
2024-11-07 20:55:40,421 INFO     ___FILE_ONLY___ ═
2024-11-07 20:55:40,421 INFO     ___FILE_ONLY___ ═
2024-11-07 20:55:40,422 INFO     ___FILE_ONLY___ ═
2024-11-07 20:55:40,422 INFO     ___FILE_ONLY___ ═
2024-11-07 20:55:40,423 INFO     ___FILE_ONLY___ ═
2024-11-07 20:55:40,424 INFO     ___FILE_ONLY___ ═
2024-11-07 20:55:40,424 INFO     ___FILE_ONLY___ ═
2024-11-07 20:55:40,425 INFO     ___FILE_ONLY___ ═
2024-11-07 20:55:40,425 INFO     ___FILE_ONLY___ ═
2024-11-07 20:55:40,426 INFO     ___FILE_ONLY___ ═
2024-11-07 20:55:40,427 INFO     ___FILE_ONLY___ ═
2024-11-07 20:55:40,427 INFO     ___FILE_ONLY___ ═
2024-11-07 20:55:40,428 INFO     ___FILE_ONLY___ ═
2024-11-07 20:55:40,429 INFO     ___FILE_ONLY___ ═
2024-11-07 20:55:40,429 INFO     ___FILE_ONLY___ ═
2024-11-07 20:55:40,430 INFO     ___FILE_ONLY___ ═
2024-11-07 20:55:40,430 INFO     ___FILE_ONLY___ ═
2024-11-07 20:55:40,431 INFO     ___FILE_ONLY___ ═
2024-11-07 20:55:40,432 INFO     ___FILE_ONLY___ ═
2024-11-07 20:55:40,432 INFO     ___FILE_ONLY___ ═
2024-11-07 20:55:40,433 INFO     ___FILE_ONLY___ ═
2024-11-07 20:55:40,434 INFO     ___FILE_ONLY___ ═
2024-11-07 20:55:40,434 INFO     ___FILE_ONLY___ ═
2024-11-07 20:55:40,435 INFO     ___FILE_ONLY___ ═
2024-11-07 20:55:40,435 INFO     ___FILE_ONLY___ ═
2024-11-07 20:55:40,436 INFO     ___FILE_ONLY___ ═
2024-11-07 20:55:40,437 INFO     ___FILE_ONLY___ ═
2024-11-07 20:55:40,437 INFO     ___FILE_ONLY___ ═
2024-11-07 20:55:40,438 INFO     ___FILE_ONLY___ ═
2024-11-07 20:55:40,439 INFO     ___FILE_ONLY___ ═
2024-11-07 20:55:40,439 INFO     ___FILE_ONLY___ ═
2024-11-07 20:55:40,440 INFO     ___FILE_ONLY___ ═
2024-11-07 20:55:40,440 INFO     ___FILE_ONLY___ ═
2024-11-07 20:55:40,441 INFO     ___FILE_ONLY___ ═
2024-11-07 20:55:40,442 INFO     ___FILE_ONLY___ ═
2024-11-07 20:55:40,442 INFO     ___FILE_ONLY___ ═
2024-11-07 20:55:40,443 INFO     ___FILE_ONLY___ ═
2024-11-07 20:55:40,443 INFO     ___FILE_ONLY___ ═
2024-11-07 20:55:40,444 INFO     ___FILE_ONLY___ ═
2024-11-07 20:55:40,445 INFO     ___FILE_ONLY___ ═
2024-11-07 20:55:40,445 INFO     ___FILE_ONLY___ ═
2024-11-07 20:55:40,446 INFO     ___FILE_ONLY___ ═
2024-11-07 20:55:40,447 INFO     ___FILE_ONLY___ ═
2024-11-07 20:55:40,447 INFO     ___FILE_ONLY___ ═
2024-11-07 20:55:40,448 INFO     ___FILE_ONLY___ ═
2024-11-07 20:55:40,448 INFO     ___FILE_ONLY___ ═
2024-11-07 20:55:40,449 INFO     ___FILE_ONLY___ ═
2024-11-07 20:55:40,450 INFO     ___FILE_ONLY___ ═
2024-11-07 20:55:40,450 INFO     ___FILE_ONLY___ ═
2024-11-07 20:55:40,451 INFO     ___FILE_ONLY___ ═
2024-11-07 20:55:40,451 INFO     ___FILE_ONLY___ ═
2024-11-07 20:55:40,452 INFO     ___FILE_ONLY___ ═
2024-11-07 20:55:40,453 INFO     ___FILE_ONLY___ ═
2024-11-07 20:55:40,453 INFO     ___FILE_ONLY___ ═
2024-11-07 20:55:40,454 INFO     ___FILE_ONLY___ ═
2024-11-07 20:55:40,455 INFO     ___FILE_ONLY___ ═
2024-11-07 20:55:40,455 INFO     ___FILE_ONLY___ ═
2024-11-07 20:55:40,455 INFO     ___FILE_ONLY___ ╝

2024-11-07 20:55:40,458 INFO     ___FILE_ONLY___ ╔════════════════════════════════════════════════════════════╗

2024-11-07 20:55:40,459 INFO     ___FILE_ONLY___ ╠═ Downloading: Cloud Storage Command Line Tool (Platfor... ═╣

2024-11-07 20:55:40,459 INFO     ___FILE_ONLY___ ╚
2024-11-07 20:55:40,463 DEBUG    urllib3.connectionpool Starting new HTTPS connection (1): dl.google.com:443
2024-11-07 20:55:40,538 DEBUG    urllib3.connectionpool https://dl.google.com:443 "GET /dl/cloudsdk/channels/rapid/components/google-cloud-sdk-gsutil-nix-20240830134514.tar.gz HTTP/1.1" 200 1928
2024-11-07 20:55:40,539 INFO     ___FILE_ONLY___ ════════════════════════════════════════════════════════════
2024-11-07 20:55:40,539 INFO     ___FILE_ONLY___ ╝

2024-11-07 20:55:40,542 INFO     ___FILE_ONLY___ ╔════════════════════════════════════════════════════════════╗

2024-11-07 20:55:40,542 INFO     ___FILE_ONLY___ ╠═ Downloading: Default set of gcloud commands              ═╣

2024-11-07 20:55:40,542 INFO     ___FILE_ONLY___ ╚
2024-11-07 20:55:40,543 INFO     ___FILE_ONLY___ ════════════════════════════════════════════════════════════
2024-11-07 20:55:40,543 INFO     ___FILE_ONLY___ ╝

2024-11-07 20:55:40,545 INFO     ___FILE_ONLY___ ╔════════════════════════════════════════════════════════════╗

2024-11-07 20:55:40,546 INFO     ___FILE_ONLY___ ╠═ Downloading: Google Cloud CLI Core Libraries (Platfor... ═╣

2024-11-07 20:55:40,546 INFO     ___FILE_ONLY___ ╚
2024-11-07 20:55:40,550 DEBUG    urllib3.connectionpool Starting new HTTPS connection (1): dl.google.com:443
2024-11-07 20:55:40,633 DEBUG    urllib3.connectionpool https://dl.google.com:443 "GET /dl/cloudsdk/channels/rapid/components/google-cloud-sdk-core-nix-20240830134514.tar.gz HTTP/1.1" 200 2306
2024-11-07 20:55:40,634 INFO     ___FILE_ONLY___ ════════════════════════════════════════════════════════════
2024-11-07 20:55:40,634 INFO     ___FILE_ONLY___ ╝

2024-11-07 20:55:40,637 INFO     ___FILE_ONLY___ ╔════════════════════════════════════════════════════════════╗

2024-11-07 20:55:40,637 INFO     ___FILE_ONLY___ ╠═ Downloading: Google Cloud CRC32C Hash Tool               ═╣

2024-11-07 20:55:40,637 INFO     ___FILE_ONLY___ ╚
2024-11-07 20:55:40,637 INFO     ___FILE_ONLY___ ════════════════════════════════════════════════════════════
2024-11-07 20:55:40,637 INFO     ___FILE_ONLY___ ╝

2024-11-07 20:55:40,640 INFO     ___FILE_ONLY___ ╔════════════════════════════════════════════════════════════╗

2024-11-07 20:55:40,640 INFO     ___FILE_ONLY___ ╠═ Downloading: Google Cloud CRC32C Hash Tool (Platform ... ═╣

2024-11-07 20:55:40,640 INFO     ___FILE_ONLY___ ╚
2024-11-07 20:55:40,644 DEBUG    urllib3.connectionpool Starting new HTTPS connection (1): dl.google.com:443
2024-11-07 20:55:40,767 DEBUG    urllib3.connectionpool https://dl.google.com:443 "GET /dl/cloudsdk/channels/rapid/components/google-cloud-sdk-gcloud-crc32c-linux-x86_64-20240712142834.tar.gz HTTP/1.1" 200 1350263
2024-11-07 20:55:40,782 INFO     ___FILE_ONLY___ ═
2024-11-07 20:55:40,782 INFO     ___FILE_ONLY___ ═
2024-11-07 20:55:40,782 INFO     ___FILE_ONLY___ ═
2024-11-07 20:55:40,783 INFO     ___FILE_ONLY___ ═
2024-11-07 20:55:40,783 INFO     ___FILE_ONLY___ ═
2024-11-07 20:55:40,783 INFO     ___FILE_ONLY___ ═
2024-11-07 20:55:40,783 INFO     ___FILE_ONLY___ ═
2024-11-07 20:55:40,783 INFO     ___FILE_ONLY___ ═
2024-11-07 20:55:40,783 INFO     ___FILE_ONLY___ ═
2024-11-07 20:55:40,784 INFO     ___FILE_ONLY___ ═
2024-11-07 20:55:40,784 INFO     ___FILE_ONLY___ ═
2024-11-07 20:55:40,784 INFO     ___FILE_ONLY___ ═
2024-11-07 20:55:40,784 INFO     ___FILE_ONLY___ ═
2024-11-07 20:55:40,785 INFO     ___FILE_ONLY___ ═
2024-11-07 20:55:40,785 INFO     ___FILE_ONLY___ ═
2024-11-07 20:55:40,785 INFO     ___FILE_ONLY___ ═
2024-11-07 20:55:40,785 INFO     ___FILE_ONLY___ ═
2024-11-07 20:55:40,785 INFO     ___FILE_ONLY___ ═
2024-11-07 20:55:40,785 INFO     ___FILE_ONLY___ ═
2024-11-07 20:55:40,786 INFO     ___FILE_ONLY___ ═
2024-11-07 20:55:40,786 INFO     ___FILE_ONLY___ ═
2024-11-07 20:55:40,786 INFO     ___FILE_ONLY___ ═
2024-11-07 20:55:40,786 INFO     ___FILE_ONLY___ ═
2024-11-07 20:55:40,786 INFO     ___FILE_ONLY___ ═
2024-11-07 20:55:40,787 INFO     ___FILE_ONLY___ ═
2024-11-07 20:55:40,787 INFO     ___FILE_ONLY___ ═
2024-11-07 20:55:40,787 INFO     ___FILE_ONLY___ ═
2024-11-07 20:55:40,787 INFO     ___FILE_ONLY___ ═
2024-11-07 20:55:40,787 INFO     ___FILE_ONLY___ ═
2024-11-07 20:55:40,788 INFO     ___FILE_ONLY___ ═
2024-11-07 20:55:40,788 INFO     ___FILE_ONLY___ ═
2024-11-07 20:55:40,788 INFO     ___FILE_ONLY___ ═
2024-11-07 20:55:40,788 INFO     ___FILE_ONLY___ ═
2024-11-07 20:55:40,788 INFO     ___FILE_ONLY___ ═
2024-11-07 20:55:40,789 INFO     ___FILE_ONLY___ ═
2024-11-07 20:55:40,789 INFO     ___FILE_ONLY___ ═
2024-11-07 20:55:40,789 INFO     ___FILE_ONLY___ ═
2024-11-07 20:55:40,789 INFO     ___FILE_ONLY___ ═
2024-11-07 20:55:40,789 INFO     ___FILE_ONLY___ ═
2024-11-07 20:55:40,790 INFO     ___FILE_ONLY___ ═
2024-11-07 20:55:40,790 INFO     ___FILE_ONLY___ ═
2024-11-07 20:55:40,790 INFO     ___FILE_ONLY___ ═
2024-11-07 20:55:40,790 INFO     ___FILE_ONLY___ ═
2024-11-07 20:55:40,790 INFO     ___FILE_ONLY___ ═
2024-11-07 20:55:40,791 INFO     ___FILE_ONLY___ ═
2024-11-07 20:55:40,791 INFO     ___FILE_ONLY___ ═
2024-11-07 20:55:40,791 INFO     ___FILE_ONLY___ ═
2024-11-07 20:55:40,791 INFO     ___FILE_ONLY___ ═
2024-11-07 20:55:40,791 INFO     ___FILE_ONLY___ ═
2024-11-07 20:55:40,792 INFO     ___FILE_ONLY___ ═
2024-11-07 20:55:40,792 INFO     ___FILE_ONLY___ ═
2024-11-07 20:55:40,792 INFO     ___FILE_ONLY___ ═
2024-11-07 20:55:40,792 INFO     ___FILE_ONLY___ ═
2024-11-07 20:55:40,792 INFO     ___FILE_ONLY___ ═
2024-11-07 20:55:40,793 INFO     ___FILE_ONLY___ ═
2024-11-07 20:55:40,793 INFO     ___FILE_ONLY___ ═
2024-11-07 20:55:40,793 INFO     ___FILE_ONLY___ ═
2024-11-07 20:55:40,793 INFO     ___FILE_ONLY___ ═
2024-11-07 20:55:40,793 INFO     ___FILE_ONLY___ ═
2024-11-07 20:55:40,794 INFO     ___FILE_ONLY___ ═
2024-11-07 20:55:40,794 INFO     ___FILE_ONLY___ ╝

2024-11-07 20:55:40,797 INFO     ___FILE_ONLY___ ╔════════════════════════════════════════════════════════════╗

2024-11-07 20:55:40,797 INFO     ___FILE_ONLY___ ╠═ Downloading: gcloud cli dependencies (Platform Specific) ═╣

2024-11-07 20:55:40,797 INFO     ___FILE_ONLY___ ╚
2024-11-07 20:55:40,801 DEBUG    urllib3.connectionpool Starting new HTTPS connection (1): dl.google.com:443
2024-11-07 20:55:40,959 DEBUG    urllib3.connectionpool https://dl.google.com:443 "GET /dl/cloudsdk/channels/rapid/components/google-cloud-sdk-gcloud-deps-linux-x86_64-20210416153011.tar.gz HTTP/1.1" 200 104
2024-11-07 20:55:40,960 INFO     ___FILE_ONLY___ ════════════════════════════════════════════════════════════
2024-11-07 20:55:40,960 INFO     ___FILE_ONLY___ ╝

2024-11-07 20:55:40,963 INFO     ___FILE_ONLY___ ╔════════════════════════════════════════════════════════════╗

2024-11-07 20:55:40,963 INFO     ___FILE_ONLY___ ╠═ Installing: BigQuery Command Line Tool                   ═╣

2024-11-07 20:55:40,963 INFO     ___FILE_ONLY___ ╚
2024-11-07 20:55:41,099 INFO     ___FILE_ONLY___ ═
2024-11-07 20:55:41,104 INFO     ___FILE_ONLY___ ═
2024-11-07 20:55:41,108 INFO     ___FILE_ONLY___ ═
2024-11-07 20:55:41,112 INFO     ___FILE_ONLY___ ═
2024-11-07 20:55:41,116 INFO     ___FILE_ONLY___ ═
2024-11-07 20:55:41,120 INFO     ___FILE_ONLY___ ═
2024-11-07 20:55:41,124 INFO     ___FILE_ONLY___ ═
2024-11-07 20:55:41,128 INFO     ___FILE_ONLY___ ═
2024-11-07 20:55:41,132 INFO     ___FILE_ONLY___ ═
2024-11-07 20:55:41,136 INFO     ___FILE_ONLY___ ═
2024-11-07 20:55:41,139 INFO     ___FILE_ONLY___ ═
2024-11-07 20:55:41,143 INFO     ___FILE_ONLY___ ═
2024-11-07 20:55:41,147 INFO     ___FILE_ONLY___ ═
2024-11-07 20:55:41,151 INFO     ___FILE_ONLY___ ═
2024-11-07 20:55:41,155 INFO     ___FILE_ONLY___ ═
2024-11-07 20:55:41,159 INFO     ___FILE_ONLY___ ═
2024-11-07 20:55:41,163 INFO     ___FILE_ONLY___ ═
2024-11-07 20:55:41,168 INFO     ___FILE_ONLY___ ═
2024-11-07 20:55:41,172 INFO     ___FILE_ONLY___ ═
2024-11-07 20:55:41,176 INFO     ___FILE_ONLY___ ═
2024-11-07 20:55:41,180 INFO     ___FILE_ONLY___ ═
2024-11-07 20:55:41,184 INFO     ___FILE_ONLY___ ═
2024-11-07 20:55:41,188 INFO     ___FILE_ONLY___ ═
2024-11-07 20:55:41,191 INFO     ___FILE_ONLY___ ═
2024-11-07 20:55:41,196 INFO     ___FILE_ONLY___ ═
2024-11-07 20:55:41,199 INFO     ___FILE_ONLY___ ═
2024-11-07 20:55:41,203 INFO     ___FILE_ONLY___ ═
2024-11-07 20:55:41,207 INFO     ___FILE_ONLY___ ═
2024-11-07 20:55:41,213 INFO     ___FILE_ONLY___ ═
2024-11-07 20:55:41,216 INFO     ___FILE_ONLY___ ═
2024-11-07 20:55:41,220 INFO     ___FILE_ONLY___ ═
2024-11-07 20:55:41,224 INFO     ___FILE_ONLY___ ═
2024-11-07 20:55:41,229 INFO     ___FILE_ONLY___ ═
2024-11-07 20:55:41,235 INFO     ___FILE_ONLY___ ═
2024-11-07 20:55:41,247 INFO     ___FILE_ONLY___ ═
2024-11-07 20:55:41,250 INFO     ___FILE_ONLY___ ═
2024-11-07 20:55:41,254 INFO     ___FILE_ONLY___ ═
2024-11-07 20:55:41,261 INFO     ___FILE_ONLY___ ═
2024-11-07 20:55:41,264 INFO     ___FILE_ONLY___ ═
2024-11-07 20:55:41,268 INFO     ___FILE_ONLY___ ═
2024-11-07 20:55:41,272 INFO     ___FILE_ONLY___ ═
2024-11-07 20:55:41,276 INFO     ___FILE_ONLY___ ═
2024-11-07 20:55:41,283 INFO     ___FILE_ONLY___ ═
2024-11-07 20:55:41,286 INFO     ___FILE_ONLY___ ═
2024-11-07 20:55:41,290 INFO     ___FILE_ONLY___ ═
2024-11-07 20:55:41,293 INFO     ___FILE_ONLY___ ═
2024-11-07 20:55:41,297 INFO     ___FILE_ONLY___ ═
2024-11-07 20:55:41,301 INFO     ___FILE_ONLY___ ═
2024-11-07 20:55:41,305 INFO     ___FILE_ONLY___ ═
2024-11-07 20:55:41,309 INFO     ___FILE_ONLY___ ═
2024-11-07 20:55:41,312 INFO     ___FILE_ONLY___ ═
2024-11-07 20:55:41,315 INFO     ___FILE_ONLY___ ═
2024-11-07 20:55:41,319 INFO     ___FILE_ONLY___ ═
2024-11-07 20:55:41,322 INFO     ___FILE_ONLY___ ═
2024-11-07 20:55:41,327 INFO     ___FILE_ONLY___ ═
2024-11-07 20:55:41,330 INFO     ___FILE_ONLY___ ═
2024-11-07 20:55:41,333 INFO     ___FILE_ONLY___ ═
2024-11-07 20:55:41,337 INFO     ___FILE_ONLY___ ═
2024-11-07 20:55:41,341 INFO     ___FILE_ONLY___ ═
2024-11-07 20:55:41,345 INFO     ___FILE_ONLY___ ═
2024-11-07 20:55:41,345 INFO     ___FILE_ONLY___ ╝

2024-11-07 20:55:41,365 INFO     ___FILE_ONLY___ ╔════════════════════════════════════════════════════════════╗

2024-11-07 20:55:41,365 INFO     ___FILE_ONLY___ ╠═ Installing: BigQuery Command Line Tool (Platform Spec... ═╣

2024-11-07 20:55:41,365 INFO     ___FILE_ONLY___ ╚
2024-11-07 20:55:41,366 INFO     ___FILE_ONLY___ ════════════════════════════════════════════════════════════
2024-11-07 20:55:41,367 INFO     ___FILE_ONLY___ ╝

2024-11-07 20:55:41,375 INFO     ___FILE_ONLY___ ╔════════════════════════════════════════════════════════════╗

2024-11-07 20:55:41,375 INFO     ___FILE_ONLY___ ╠═ Installing: Bundled Python 3.11                          ═╣

2024-11-07 20:55:41,375 INFO     ___FILE_ONLY___ ╚
2024-11-07 20:55:41,380 INFO     ___FILE_ONLY___ ════════════════════════════════════════════════════════════
2024-11-07 20:55:41,381 INFO     ___FILE_ONLY___ ╝

2024-11-07 20:55:41,383 INFO     ___FILE_ONLY___ ╔════════════════════════════════════════════════════════════╗

2024-11-07 20:55:41,383 INFO     ___FILE_ONLY___ ╠═ Installing: Bundled Python 3.11 (Platform Specific)      ═╣

2024-11-07 20:55:41,383 INFO     ___FILE_ONLY___ ╚
2024-11-07 20:55:43,719 INFO     ___FILE_ONLY___ ═
2024-11-07 20:55:43,749 INFO     ___FILE_ONLY___ ═
2024-11-07 20:55:43,777 INFO     ___FILE_ONLY___ ═
2024-11-07 20:55:43,803 INFO     ___FILE_ONLY___ ═
2024-11-07 20:55:43,830 INFO     ___FILE_ONLY___ ═
2024-11-07 20:55:43,860 INFO     ___FILE_ONLY___ ═
2024-11-07 20:55:43,893 INFO     ___FILE_ONLY___ ═
2024-11-07 20:55:43,919 INFO     ___FILE_ONLY___ ═
2024-11-07 20:55:43,946 INFO     ___FILE_ONLY___ ═
2024-11-07 20:55:43,972 INFO     ___FILE_ONLY___ ═
2024-11-07 20:55:43,997 INFO     ___FILE_ONLY___ ═
2024-11-07 20:55:44,023 INFO     ___FILE_ONLY___ ═
2024-11-07 20:55:44,050 INFO     ___FILE_ONLY___ ═
2024-11-07 20:55:44,075 INFO     ___FILE_ONLY___ ═
2024-11-07 20:55:44,103 INFO     ___FILE_ONLY___ ═
2024-11-07 20:55:44,134 INFO     ___FILE_ONLY___ ═
2024-11-07 20:55:44,162 INFO     ___FILE_ONLY___ ═
2024-11-07 20:55:44,188 INFO     ___FILE_ONLY___ ═
2024-11-07 20:55:44,213 INFO     ___FILE_ONLY___ ═
2024-11-07 20:55:44,238 INFO     ___FILE_ONLY___ ═
2024-11-07 20:55:44,268 INFO     ___FILE_ONLY___ ═
2024-11-07 20:55:44,301 INFO     ___FILE_ONLY___ ═
2024-11-07 20:55:44,327 INFO     ___FILE_ONLY___ ═
2024-11-07 20:55:44,355 INFO     ___FILE_ONLY___ ═
2024-11-07 20:55:44,390 INFO     ___FILE_ONLY___ ═
2024-11-07 20:55:44,423 INFO     ___FILE_ONLY___ ═
2024-11-07 20:55:44,451 INFO     ___FILE_ONLY___ ═
2024-11-07 20:55:44,477 INFO     ___FILE_ONLY___ ═
2024-11-07 20:55:44,509 INFO     ___FILE_ONLY___ ═
2024-11-07 20:55:44,540 INFO     ___FILE_ONLY___ ═
2024-11-07 20:55:44,574 INFO     ___FILE_ONLY___ ═
2024-11-07 20:55:44,601 INFO     ___FILE_ONLY___ ═
2024-11-07 20:55:44,626 INFO     ___FILE_ONLY___ ═
2024-11-07 20:55:44,659 INFO     ___FILE_ONLY___ ═
2024-11-07 20:55:44,692 INFO     ___FILE_ONLY___ ═
2024-11-07 20:55:44,725 INFO     ___FILE_ONLY___ ═
2024-11-07 20:55:45,718 INFO     ___FILE_ONLY___ ═
2024-11-07 20:55:45,762 INFO     ___FILE_ONLY___ ═
2024-11-07 20:55:45,801 INFO     ___FILE_ONLY___ ═
2024-11-07 20:55:45,840 INFO     ___FILE_ONLY___ ═
2024-11-07 20:55:45,875 INFO     ___FILE_ONLY___ ═
2024-11-07 20:55:46,057 INFO     ___FILE_ONLY___ ═
2024-11-07 20:55:46,114 INFO     ___FILE_ONLY___ ═
2024-11-07 20:55:46,150 INFO     ___FILE_ONLY___ ═
2024-11-07 20:55:46,183 INFO     ___FILE_ONLY___ ═
2024-11-07 20:55:46,218 INFO     ___FILE_ONLY___ ═
2024-11-07 20:55:46,268 INFO     ___FILE_ONLY___ ═
2024-11-07 20:55:46,307 INFO     ___FILE_ONLY___ ═
2024-11-07 20:55:46,342 INFO     ___FILE_ONLY___ ═
2024-11-07 20:55:46,376 INFO     ___FILE_ONLY___ ═
2024-11-07 20:55:46,505 INFO     ___FILE_ONLY___ ═
2024-11-07 20:55:46,539 INFO     ___FILE_ONLY___ ═
2024-11-07 20:55:46,575 INFO     ___FILE_ONLY___ ═
2024-11-07 20:55:46,608 INFO     ___FILE_ONLY___ ═
2024-11-07 20:55:46,679 INFO     ___FILE_ONLY___ ═
2024-11-07 20:55:47,228 INFO     ___FILE_ONLY___ ═
2024-11-07 20:55:47,261 INFO     ___FILE_ONLY___ ═
2024-11-07 20:55:47,298 INFO     ___FILE_ONLY___ ═
2024-11-07 20:55:47,331 INFO     ___FILE_ONLY___ ═
2024-11-07 20:55:47,841 INFO     ___FILE_ONLY___ ═
2024-11-07 20:55:47,841 INFO     ___FILE_ONLY___ ╝

2024-11-07 20:55:47,966 INFO     ___FILE_ONLY___ ╔════════════════════════════════════════════════════════════╗

2024-11-07 20:55:47,966 INFO     ___FILE_ONLY___ ╠═ Installing: Cloud Storage Command Line Tool              ═╣

2024-11-07 20:55:47,966 INFO     ___FILE_ONLY___ ╚
2024-11-07 20:55:48,737 INFO     ___FILE_ONLY___ ═
2024-11-07 20:55:48,762 INFO     ___FILE_ONLY___ ═
2024-11-07 20:55:48,793 INFO     ___FILE_ONLY___ ═
2024-11-07 20:55:48,822 INFO     ___FILE_ONLY___ ═
2024-11-07 20:55:48,844 INFO     ___FILE_ONLY___ ═
2024-11-07 20:55:48,862 INFO     ___FILE_ONLY___ ═
2024-11-07 20:55:48,879 INFO     ___FILE_ONLY___ ═
2024-11-07 20:55:48,903 INFO     ___FILE_ONLY___ ═
2024-11-07 20:55:48,922 INFO     ___FILE_ONLY___ ═
2024-11-07 20:55:48,941 INFO     ___FILE_ONLY___ ═
2024-11-07 20:55:48,962 INFO     ___FILE_ONLY___ ═
2024-11-07 20:55:48,982 INFO     ___FILE_ONLY___ ═
2024-11-07 20:55:49,002 INFO     ___FILE_ONLY___ ═
2024-11-07 20:55:49,021 INFO     ___FILE_ONLY___ ═
2024-11-07 20:55:49,043 INFO     ___FILE_ONLY___ ═
2024-11-07 20:55:49,065 INFO     ___FILE_ONLY___ ═
2024-11-07 20:55:49,089 INFO     ___FILE_ONLY___ ═
2024-11-07 20:55:49,113 INFO     ___FILE_ONLY___ ═
2024-11-07 20:55:49,134 INFO     ___FILE_ONLY___ ═
2024-11-07 20:55:49,158 INFO     ___FILE_ONLY___ ═
2024-11-07 20:55:49,185 INFO     ___FILE_ONLY___ ═
2024-11-07 20:55:49,213 INFO     ___FILE_ONLY___ ═
2024-11-07 20:55:49,236 INFO     ___FILE_ONLY___ ═
2024-11-07 20:55:49,259 INFO     ___FILE_ONLY___ ═
2024-11-07 20:55:49,284 INFO     ___FILE_ONLY___ ═
2024-11-07 20:55:49,310 INFO     ___FILE_ONLY___ ═
2024-11-07 20:55:49,338 INFO     ___FILE_ONLY___ ═
2024-11-07 20:55:49,368 INFO     ___FILE_ONLY___ ═
2024-11-07 20:55:49,402 INFO     ___FILE_ONLY___ ═
2024-11-07 20:55:49,425 INFO     ___FILE_ONLY___ ═
2024-11-07 20:55:49,444 INFO     ___FILE_ONLY___ ═
2024-11-07 20:55:49,466 INFO     ___FILE_ONLY___ ═
2024-11-07 20:55:49,486 INFO     ___FILE_ONLY___ ═
2024-11-07 20:55:49,505 INFO     ___FILE_ONLY___ ═
2024-11-07 20:55:49,529 INFO     ___FILE_ONLY___ ═
2024-11-07 20:55:49,551 INFO     ___FILE_ONLY___ ═
2024-11-07 20:55:49,570 INFO     ___FILE_ONLY___ ═
2024-11-07 20:55:49,588 INFO     ___FILE_ONLY___ ═
2024-11-07 20:55:49,606 INFO     ___FILE_ONLY___ ═
2024-11-07 20:55:49,626 INFO     ___FILE_ONLY___ ═
2024-11-07 20:55:49,680 INFO     ___FILE_ONLY___ ═
2024-11-07 20:55:49,706 INFO     ___FILE_ONLY___ ═
2024-11-07 20:55:49,727 INFO     ___FILE_ONLY___ ═
2024-11-07 20:55:49,749 INFO     ___FILE_ONLY___ ═
2024-11-07 20:55:49,768 INFO     ___FILE_ONLY___ ═
2024-11-07 20:55:49,787 INFO     ___FILE_ONLY___ ═
2024-11-07 20:55:49,807 INFO     ___FILE_ONLY___ ═
2024-11-07 20:55:49,829 INFO     ___FILE_ONLY___ ═
2024-11-07 20:55:49,859 INFO     ___FILE_ONLY___ ═
2024-11-07 20:55:49,880 INFO     ___FILE_ONLY___ ═
2024-11-07 20:55:49,904 INFO     ___FILE_ONLY___ ═
2024-11-07 20:55:49,924 INFO     ___FILE_ONLY___ ═
2024-11-07 20:55:49,952 INFO     ___FILE_ONLY___ ═
2024-11-07 20:55:49,974 INFO     ___FILE_ONLY___ ═
2024-11-07 20:55:50,000 INFO     ___FILE_ONLY___ ═
2024-11-07 20:55:50,029 INFO     ___FILE_ONLY___ ═
2024-11-07 20:55:50,052 INFO     ___FILE_ONLY___ ═
2024-11-07 20:55:50,076 INFO     ___FILE_ONLY___ ═
2024-11-07 20:55:50,096 INFO     ___FILE_ONLY___ ═
2024-11-07 20:55:50,116 INFO     ___FILE_ONLY___ ═
2024-11-07 20:55:50,116 INFO     ___FILE_ONLY___ ╝

2024-11-07 20:55:50,193 INFO     ___FILE_ONLY___ ╔════════════════════════════════════════════════════════════╗

2024-11-07 20:55:50,193 INFO     ___FILE_ONLY___ ╠═ Installing: Cloud Storage Command Line Tool (Platform... ═╣

2024-11-07 20:55:50,193 INFO     ___FILE_ONLY___ ╚
2024-11-07 20:55:50,194 INFO     ___FILE_ONLY___ ════════════════════════════════════════════════════════════
2024-11-07 20:55:50,194 INFO     ___FILE_ONLY___ ╝

2024-11-07 20:55:50,203 INFO     ___FILE_ONLY___ ╔════════════════════════════════════════════════════════════╗

2024-11-07 20:55:50,203 INFO     ___FILE_ONLY___ ╠═ Installing: Default set of gcloud commands               ═╣

2024-11-07 20:55:50,203 INFO     ___FILE_ONLY___ ╚
2024-11-07 20:55:50,209 INFO     ___FILE_ONLY___ ════════════════════════════════════════════════════════════
2024-11-07 20:55:50,209 INFO     ___FILE_ONLY___ ╝

2024-11-07 20:55:50,212 INFO     ___FILE_ONLY___ ╔════════════════════════════════════════════════════════════╗

2024-11-07 20:55:50,212 INFO     ___FILE_ONLY___ ╠═ Installing: Google Cloud CLI Core Libraries (Platform... ═╣

2024-11-07 20:55:50,212 INFO     ___FILE_ONLY___ ╚
2024-11-07 20:55:50,213 INFO     ___FILE_ONLY___ ══════════════════════════════
2024-11-07 20:55:50,214 INFO     ___FILE_ONLY___ ══════════════════════════════
2024-11-07 20:55:50,214 INFO     ___FILE_ONLY___ ╝

2024-11-07 20:55:50,223 INFO     ___FILE_ONLY___ ╔════════════════════════════════════════════════════════════╗

2024-11-07 20:55:50,223 INFO     ___FILE_ONLY___ ╠═ Installing: Google Cloud CRC32C Hash Tool                ═╣

2024-11-07 20:55:50,223 INFO     ___FILE_ONLY___ ╚
2024-11-07 20:55:50,229 INFO     ___FILE_ONLY___ ════════════════════════════════════════════════════════════
2024-11-07 20:55:50,229 INFO     ___FILE_ONLY___ ╝

2024-11-07 20:55:50,232 INFO     ___FILE_ONLY___ ╔════════════════════════════════════════════════════════════╗

2024-11-07 20:55:50,232 INFO     ___FILE_ONLY___ ╠═ Installing: Google Cloud CRC32C Hash Tool (Platform S... ═╣

2024-11-07 20:55:50,232 INFO     ___FILE_ONLY___ ╚
2024-11-07 20:55:50,273 INFO     ___FILE_ONLY___ ══════════════════════════════
2024-11-07 20:55:50,274 INFO     ___FILE_ONLY___ ══════════════════════════════
2024-11-07 20:55:50,274 INFO     ___FILE_ONLY___ ╝

2024-11-07 20:55:50,283 INFO     ___FILE_ONLY___ ╔════════════════════════════════════════════════════════════╗

2024-11-07 20:55:50,284 INFO     ___FILE_ONLY___ ╠═ Installing: gcloud cli dependencies (Platform Specific)  ═╣

2024-11-07 20:55:50,284 INFO     ___FILE_ONLY___ ╚
2024-11-07 20:55:50,284 INFO     ___FILE_ONLY___ ════════════════════════════════════════════════════════════
2024-11-07 20:55:50,284 INFO     ___FILE_ONLY___ ╝

2024-11-07 20:55:50,295 DEBUG    root            Updating notification cache...
2024-11-07 20:55:50,295 INFO     ___FILE_ONLY___ 

2024-11-07 20:55:50,298 INFO     ___FILE_ONLY___ Performing post processing steps...
2024-11-07 20:55:50,298 DEBUG    root            Executing command: ['/tools/google-cloud-sdk/bin/gcloud', 'components', 'post-process']
2024-11-07 20:56:07,148 DEBUG    ___FILE_ONLY___ 
2024-11-07 20:56:07,149 DEBUG    ___FILE_ONLY___ 
2024-11-07 20:56:07,371 INFO     ___FILE_ONLY___ 
Update done!


2024-11-07 20:56:07,377 DEBUG    root            Chosen display Format:none
2024-11-07 20:56:07,378 INFO     root            Display format: "none"
