2024-11-07 20:56:08,123 DEBUG    root            Loaded Command Group: ['gcloud', 'components']
2024-11-07 20:56:08,126 DEBUG    root            Loaded Command Group: ['gcloud', 'components', 'update']
2024-11-07 20:56:08,130 DEBUG    root            Running [gcloud.components.update] with arguments: [--quiet: "True", COMPONENT-IDS:8: "['gcloud', 'core', 'bq', 'gsutil', 'compute', 'preview', 'alpha', 'beta']"]
2024-11-07 20:56:08,131 INFO     ___FILE_ONLY___ Beginning update. This process may take several minutes.

2024-11-07 20:56:08,143 DEBUG    urllib3.connectionpool Starting new HTTPS connection (1): dl.google.com:443
2024-11-07 20:56:08,226 DEBUG    urllib3.connectionpool https://dl.google.com:443 "GET /dl/cloudsdk/channels/rapid/components-2.json HTTP/1.1" 200 226997
2024-11-07 20:56:08,253 WARNING  root            Component [preview] no longer exists.
2024-11-07 20:56:08,253 WARNING  root            Component [compute] no longer exists.
2024-11-07 20:56:08,255 INFO     ___FILE_ONLY___ 

2024-11-07 20:56:08,255 INFO     ___FILE_ONLY___ 
Your current Google Cloud CLI version is: 500.0.0

2024-11-07 20:56:08,255 INFO     ___FILE_ONLY___ Installing components from version: 500.0.0

2024-11-07 20:56:08,255 INFO     ___FILE_ONLY___ 

2024-11-07 20:56:08,256 DEBUG    root            Chosen display Format:table[box,title="These components will be removed."](details.display_name:label=Name:align=left,version.version_string:label=Version:align=right,data.size.size(zero="",min=1048576):label=Size:align=right)
2024-11-07 20:56:08,257 DEBUG    root            Chosen display Format:table[box,title="These components will be updated."](details.display_name:label=Name:align=left,version.version_string:label=Version:align=right,data.size.size(zero="",min=1048576):label=Size:align=right)
2024-11-07 20:56:08,257 DEBUG    root            Chosen display Format:table[box,title="These components will be installed."](details.display_name:label=Name:align=left,version.version_string:label=Version:align=right,data.size.size(zero="",min=1048576):label=Size:align=right)
2024-11-07 20:56:08,280 INFO     ___FILE_ONLY___ ┌──────────────────────────────────────────────┐
2024-11-07 20:56:08,280 INFO     ___FILE_ONLY___ 

2024-11-07 20:56:08,280 INFO     ___FILE_ONLY___ │     These components will be installed.      │
2024-11-07 20:56:08,280 INFO     ___FILE_ONLY___ 

2024-11-07 20:56:08,281 INFO     ___FILE_ONLY___ ├───────────────────────┬────────────┬─────────┤
2024-11-07 20:56:08,281 INFO     ___FILE_ONLY___ 

2024-11-07 20:56:08,281 INFO     ___FILE_ONLY___ │          Name         │  Version   │   Size  │
2024-11-07 20:56:08,281 INFO     ___FILE_ONLY___ 

2024-11-07 20:56:08,281 INFO     ___FILE_ONLY___ ├───────────────────────┼────────────┼─────────┤
2024-11-07 20:56:08,281 INFO     ___FILE_ONLY___ 

2024-11-07 20:56:08,281 INFO     ___FILE_ONLY___ │ 
2024-11-07 20:56:08,281 INFO     ___FILE_ONLY___ gcloud Alpha Commands
2024-11-07 20:56:08,282 INFO     ___FILE_ONLY___  
2024-11-07 20:56:08,282 INFO     ___FILE_ONLY___ │ 
2024-11-07 20:56:08,282 INFO     ___FILE_ONLY___ 2024.11.01
2024-11-07 20:56:08,282 INFO     ___FILE_ONLY___  
2024-11-07 20:56:08,282 INFO     ___FILE_ONLY___ │ 
2024-11-07 20:56:08,282 INFO     ___FILE_ONLY___ < 1 MiB
2024-11-07 20:56:08,282 INFO     ___FILE_ONLY___  
2024-11-07 20:56:08,283 INFO     ___FILE_ONLY___ │
2024-11-07 20:56:08,283 INFO     ___FILE_ONLY___ 

2024-11-07 20:56:08,283 INFO     ___FILE_ONLY___ │ 
2024-11-07 20:56:08,283 INFO     ___FILE_ONLY___ gcloud Beta Commands 
2024-11-07 20:56:08,283 INFO     ___FILE_ONLY___  
2024-11-07 20:56:08,283 INFO     ___FILE_ONLY___ │ 
2024-11-07 20:56:08,283 INFO     ___FILE_ONLY___ 2024.11.01
2024-11-07 20:56:08,283 INFO     ___FILE_ONLY___  
2024-11-07 20:56:08,284 INFO     ___FILE_ONLY___ │ 
2024-11-07 20:56:08,284 INFO     ___FILE_ONLY___ < 1 MiB
2024-11-07 20:56:08,284 INFO     ___FILE_ONLY___  
2024-11-07 20:56:08,284 INFO     ___FILE_ONLY___ │
2024-11-07 20:56:08,284 INFO     ___FILE_ONLY___ 

2024-11-07 20:56:08,284 INFO     ___FILE_ONLY___ └───────────────────────┴────────────┴─────────┘
2024-11-07 20:56:08,284 INFO     ___FILE_ONLY___ 

2024-11-07 20:56:08,284 INFO     ___FILE_ONLY___ 

2024-11-07 20:56:08,289 DEBUG    urllib3.connectionpool Starting new HTTPS connection (1): dl.google.com:443
2024-11-07 20:56:08,411 DEBUG    urllib3.connectionpool https://dl.google.com:443 "GET /dl/cloudsdk/channels/rapid/RELEASE_NOTES HTTP/1.1" 200 1306389
2024-11-07 20:56:08,487 INFO     ___FILE_ONLY___ For the latest full release notes, please visit:
  https://cloud.google.com/sdk/release_notes


2024-11-07 20:56:08,488 INFO     ___FILE_ONLY___ Performing in place update...


2024-11-07 20:56:08,490 INFO     ___FILE_ONLY___ ╔════════════════════════════════════════════════════════════╗

2024-11-07 20:56:08,491 INFO     ___FILE_ONLY___ ╠═ Downloading: gcloud Alpha Commands                       ═╣

2024-11-07 20:56:08,491 INFO     ___FILE_ONLY___ ╚
2024-11-07 20:56:08,495 DEBUG    urllib3.connectionpool Starting new HTTPS connection (1): dl.google.com:443
2024-11-07 20:56:08,569 DEBUG    urllib3.connectionpool https://dl.google.com:443 "GET /dl/cloudsdk/channels/rapid/components/google-cloud-sdk-alpha-20241101143516.tar.gz HTTP/1.1" 200 800
2024-11-07 20:56:08,570 INFO     ___FILE_ONLY___ ════════════════════════════════════════════════════════════
2024-11-07 20:56:08,570 INFO     ___FILE_ONLY___ ╝

2024-11-07 20:56:08,573 INFO     ___FILE_ONLY___ ╔════════════════════════════════════════════════════════════╗

2024-11-07 20:56:08,573 INFO     ___FILE_ONLY___ ╠═ Downloading: gcloud Beta Commands                        ═╣

2024-11-07 20:56:08,573 INFO     ___FILE_ONLY___ ╚
2024-11-07 20:56:08,578 DEBUG    urllib3.connectionpool Starting new HTTPS connection (1): dl.google.com:443
2024-11-07 20:56:08,721 DEBUG    urllib3.connectionpool https://dl.google.com:443 "GET /dl/cloudsdk/channels/rapid/components/google-cloud-sdk-beta-20241101143516.tar.gz HTTP/1.1" 200 797
2024-11-07 20:56:08,722 INFO     ___FILE_ONLY___ ════════════════════════════════════════════════════════════
2024-11-07 20:56:08,722 INFO     ___FILE_ONLY___ ╝

2024-11-07 20:56:08,725 INFO     ___FILE_ONLY___ ╔════════════════════════════════════════════════════════════╗

2024-11-07 20:56:08,725 INFO     ___FILE_ONLY___ ╠═ Installing: gcloud Alpha Commands                        ═╣

2024-11-07 20:56:08,725 INFO     ___FILE_ONLY___ ╚
2024-11-07 20:56:08,727 INFO     ___FILE_ONLY___ ════════════════════════════════════════════════════════════
2024-11-07 20:56:08,727 INFO     ___FILE_ONLY___ ╝

2024-11-07 20:56:08,740 INFO     ___FILE_ONLY___ ╔════════════════════════════════════════════════════════════╗

2024-11-07 20:56:08,740 INFO     ___FILE_ONLY___ ╠═ Installing: gcloud Beta Commands                         ═╣

2024-11-07 20:56:08,741 INFO     ___FILE_ONLY___ ╚
2024-11-07 20:56:08,742 INFO     ___FILE_ONLY___ ════════════════════════════════════════════════════════════
2024-11-07 20:56:08,742 INFO     ___FILE_ONLY___ ╝

2024-11-07 20:56:08,752 DEBUG    root            Updating notification cache...
2024-11-07 20:56:08,753 INFO     ___FILE_ONLY___ 

2024-11-07 20:56:08,756 INFO     ___FILE_ONLY___ Performing post processing steps...
2024-11-07 20:56:08,756 DEBUG    root            Executing command: ['/tools/google-cloud-sdk/bin/gcloud', 'components', 'post-process']
2024-11-07 20:56:25,760 DEBUG    ___FILE_ONLY___ 
2024-11-07 20:56:25,760 DEBUG    ___FILE_ONLY___ 
2024-11-07 20:56:25,794 INFO     ___FILE_ONLY___ 
Update done!


2024-11-07 20:56:25,799 DEBUG    root            Chosen display Format:none
2024-11-07 20:56:25,799 INFO     root            Display format: "none"
